2021-12-29 13:06:29.554 [cn.huoxian.dongtai.engine] ERROR report error, reason: 
javax.net.ssl.SSLHandshakeException: Remote host closed connection during handshake
	at sun.security.ssl.SSLSocketImpl.readRecord(SSLSocketImpl.java:994)
	at sun.security.ssl.SSLSocketImpl.performInitialHandshake(SSLSocketImpl.java:1367)
	at sun.security.ssl.SSLSocketImpl.startHandshake(SSLSocketImpl.java:1395)
	at sun.security.ssl.SSLSocketImpl.startHandshake(SSLSocketImpl.java:1379)
	at sun.net.www.protocol.https.HttpsClient.afterConnect(HttpsClient.java:559)
	at sun.net.www.protocol.https.AbstractDelegateHttpsURLConnection.connect(AbstractDelegateHttpsURLConnection.java:185)
	at sun.net.www.protocol.http.HttpURLConnection.getOutputStream0(HttpURLConnection.java:1340)
	at sun.net.www.protocol.http.HttpURLConnection.getOutputStream(HttpURLConnection.java:1315)
	at sun.net.www.protocol.https.HttpsURLConnectionImpl.getOutputStream(HttpsURLConnectionImpl.java:264)
	at com.secnium.iast.core.util.HttpClientUtils.sendRequest(HttpClientUtils.java:108)
	at com.secnium.iast.core.util.HttpClientUtils.sendPost(HttpClientUtils.java:59)
	at com.secnium.iast.core.report.ReportThread.run(ReportThread.java:41)
Caused by: java.io.EOFException: SSL peer shut down incorrectly
	at sun.security.ssl.InputRecord.read(InputRecord.java:505)
	at sun.security.ssl.SSLSocketImpl.readRecord(SSLSocketImpl.java:975)
	... 11 common frames omitted
2021-12-29 13:11:29.459 [cn.huoxian.dongtai.engine] ERROR report error, reason: 
javax.net.ssl.SSLHandshakeException: Remote host closed connection during handshake
	at sun.security.ssl.SSLSocketImpl.readRecord(SSLSocketImpl.java:994)
	at sun.security.ssl.SSLSocketImpl.performInitialHandshake(SSLSocketImpl.java:1367)
	at sun.security.ssl.SSLSocketImpl.startHandshake(SSLSocketImpl.java:1395)
	at sun.security.ssl.SSLSocketImpl.startHandshake(SSLSocketImpl.java:1379)
	at sun.net.www.protocol.https.HttpsClient.afterConnect(HttpsClient.java:559)
	at sun.net.www.protocol.https.AbstractDelegateHttpsURLConnection.connect(AbstractDelegateHttpsURLConnection.java:185)
	at sun.net.www.protocol.http.HttpURLConnection.getOutputStream0(HttpURLConnection.java:1340)
	at sun.net.www.protocol.http.HttpURLConnection.getOutputStream(HttpURLConnection.java:1315)
	at sun.net.www.protocol.https.HttpsURLConnectionImpl.getOutputStream(HttpsURLConnectionImpl.java:264)
	at com.secnium.iast.core.util.HttpClientUtils.sendRequest(HttpClientUtils.java:108)
	at com.secnium.iast.core.util.HttpClientUtils.sendPost(HttpClientUtils.java:59)
	at com.secnium.iast.core.report.ReportThread.run(ReportThread.java:41)
Caused by: java.io.EOFException: SSL peer shut down incorrectly
	at sun.security.ssl.InputRecord.read(InputRecord.java:505)
	at sun.security.ssl.SSLSocketImpl.readRecord(SSLSocketImpl.java:975)
	... 11 common frames omitted
2021-12-29 13:13:25.371 [cn.huoxian.dongtai.engine] ERROR report error, reason: 
javax.net.ssl.SSLHandshakeException: Remote host closed connection during handshake
	at sun.security.ssl.SSLSocketImpl.readRecord(SSLSocketImpl.java:994)
	at sun.security.ssl.SSLSocketImpl.performInitialHandshake(SSLSocketImpl.java:1367)
	at sun.security.ssl.SSLSocketImpl.startHandshake(SSLSocketImpl.java:1395)
	at sun.security.ssl.SSLSocketImpl.startHandshake(SSLSocketImpl.java:1379)
	at sun.net.www.protocol.https.HttpsClient.afterConnect(HttpsClient.java:559)
	at sun.net.www.protocol.https.AbstractDelegateHttpsURLConnection.connect(AbstractDelegateHttpsURLConnection.java:185)
	at sun.net.www.protocol.http.HttpURLConnection.getOutputStream0(HttpURLConnection.java:1340)
	at sun.net.www.protocol.http.HttpURLConnection.getOutputStream(HttpURLConnection.java:1315)
	at sun.net.www.protocol.https.HttpsURLConnectionImpl.getOutputStream(HttpsURLConnectionImpl.java:264)
	at com.secnium.iast.core.util.HttpClientUtils.sendRequest(HttpClientUtils.java:108)
	at com.secnium.iast.core.util.HttpClientUtils.sendPost(HttpClientUtils.java:59)
	at com.secnium.iast.core.report.ReportThread.run(ReportThread.java:41)
Caused by: java.io.EOFException: SSL peer shut down incorrectly
	at sun.security.ssl.InputRecord.read(InputRecord.java:505)
	at sun.security.ssl.SSLSocketImpl.readRecord(SSLSocketImpl.java:975)
	... 11 common frames omitted
2021-12-29 13:16:29.410 [cn.huoxian.dongtai.engine] ERROR agent queue reported failed. reason: 
javax.net.ssl.SSLHandshakeException: Remote host closed connection during handshake
	at sun.security.ssl.SSLSocketImpl.readRecord(SSLSocketImpl.java:994)
	at sun.security.ssl.SSLSocketImpl.performInitialHandshake(SSLSocketImpl.java:1367)
	at sun.security.ssl.SSLSocketImpl.startHandshake(SSLSocketImpl.java:1395)
	at sun.security.ssl.SSLSocketImpl.startHandshake(SSLSocketImpl.java:1379)
	at sun.net.www.protocol.https.HttpsClient.afterConnect(HttpsClient.java:559)
	at sun.net.www.protocol.https.AbstractDelegateHttpsURLConnection.connect(AbstractDelegateHttpsURLConnection.java:185)
	at sun.net.www.protocol.http.HttpURLConnection.getOutputStream0(HttpURLConnection.java:1340)
	at sun.net.www.protocol.http.HttpURLConnection.getOutputStream(HttpURLConnection.java:1315)
	at sun.net.www.protocol.https.HttpsURLConnectionImpl.getOutputStream(HttpsURLConnectionImpl.java:264)
	at com.secnium.iast.core.util.HttpClientUtils.sendRequest(HttpClientUtils.java:108)
	at com.secnium.iast.core.util.HttpClientUtils.sendPost(HttpClientUtils.java:59)
	at com.secnium.iast.core.report.AgentQueueReport.send(AgentQueueReport.java:45)
	at com.secnium.iast.core.AbstractThread.run(AbstractThread.java:24)
	at java.util.concurrent.Executors$RunnableAdapter.call(Executors.java:511)
	at java.util.concurrent.FutureTask.runAndReset(FutureTask.java:308)
	at java.util.concurrent.ScheduledThreadPoolExecutor$ScheduledFutureTask.access$301(ScheduledThreadPoolExecutor.java:180)
	at java.util.concurrent.ScheduledThreadPoolExecutor$ScheduledFutureTask.run(ScheduledThreadPoolExecutor.java:294)
	at java.util.concurrent.ThreadPoolExecutor.runWorker(ThreadPoolExecutor.java:1149)
	at java.util.concurrent.ThreadPoolExecutor$Worker.run(ThreadPoolExecutor.java:624)
	at java.lang.Thread.run(Thread.java:748)
Caused by: java.io.EOFException: SSL peer shut down incorrectly
	at sun.security.ssl.InputRecord.read(InputRecord.java:505)
	at sun.security.ssl.SSLSocketImpl.readRecord(SSLSocketImpl.java:975)
	... 19 common frames omitted
