[T 11:28:57 27341] Reading configuration file /Users/shengnanwu/IdeaProjects/dubbo-trace-example/dubbo-trace-example/working/tracing/compiler-tracing5094213554380127649.spec...
[T 11:28:57 27341] Initialising tags...
[T 11:28:57 27341] ID set to 0000000000006ACD_0000000000000001 (parent root)
[T 11:28:58 27341] Reading configuration file /Users/shengnanwu/IdeaProjects/dubbo-trace-example/dubbo-trace-example/working/tracing/compiler-tracing5094213554380127649.spec...
[T 11:28:58 27341] Initialising tags...
[T 11:28:58 27341] ID set to 0000000000006ACD_0000000000000002 (parent root)
[T 11:28:58 27341] Warning: SEMMLE_EXEC and SEMMLE_EXECP not set. Falling back to path lookup on argv[0].
[T 11:28:58 27341] ==== Candidate to intercept: /Users/shengnanwu/workspace/CodeQL/tools/osx64/runner-osx (canonical: /Users/shengnanwu/workspace/CodeQL/tools/osx64/runner-osx) ====
[T 11:28:58 27342] Attempting to switch stdout/stderr to 3...
/Users/shengnanwu/IdeaProjects/dubbo-trace-example/dubbo-trace-example/working/copy-root/000001F5/bin/sh.semmle.00006ACD.slice.x86_64: replacing existing signature
[T 11:28:59 27341] Reading configuration file /Users/shengnanwu/IdeaProjects/dubbo-trace-example/dubbo-trace-example/working/tracing/compiler-tracing5094213554380127649.spec...
[T 11:28:59 27341] Initialising tags...
[T 11:28:59 27341] ID set to 0000000000006ACD_0000000000000003 (parent 0000000000006ACD_0000000000000002)
[T 11:28:59 27341] ==== Candidate to intercept: /usr/local/bin/mvn (canonical: /usr/local/maven/maven3.39/bin/mvn) ====
[T 11:28:59 27357] Attempting to switch stdout/stderr to 3...
/Users/shengnanwu/IdeaProjects/dubbo-trace-example/dubbo-trace-example/working/copy-root/000001F5/bin/bash.semmle.00006ACD.slice.x86_64: replacing existing signature
[T 11:28:59 27341] Reading configuration file /Users/shengnanwu/IdeaProjects/dubbo-trace-example/dubbo-trace-example/working/tracing/compiler-tracing5094213554380127649.spec...
[T 11:28:59 27341] Initialising tags...
[T 11:28:59 27341] ID set to 0000000000006ACD_0000000000000004 (parent 0000000000006ACD_0000000000000003)
[T 11:28:59 27341] ==== Candidate to intercept: /bin/bash (canonical: /bin/bash) ====
[T 11:28:59 27361] Attempting to switch stdout/stderr to 3...
/Users/shengnanwu/IdeaProjects/dubbo-trace-example/dubbo-trace-example/working/copy-root/000001F5/usr/bin/uname.semmle.00006AE0.slice.x86_64: replacing existing signature
[T 11:28:59 27360] Reading configuration file /Users/shengnanwu/IdeaProjects/dubbo-trace-example/dubbo-trace-example/working/tracing/compiler-tracing5094213554380127649.spec...
[T 11:28:59 27360] Initialising tags...
[T 11:28:59 27360] ID set to 0000000000006AE0_0000000000000001 (parent 0000000000006ACD_0000000000000004)
[T 11:28:59 27360] ==== Candidate to intercept: /usr/bin/uname (canonical: /usr/bin/uname) ====
[T 11:28:59 27372] Attempting to switch stdout/stderr to 3...
/Users/shengnanwu/IdeaProjects/dubbo-trace-example/dubbo-trace-example/working/copy-root/000001F5/usr/libexec/java_home.semmle.00006AEB.slice.x86_64: replacing existing signature
[T 11:29:00 27371] Reading configuration file /Users/shengnanwu/IdeaProjects/dubbo-trace-example/dubbo-trace-example/working/tracing/compiler-tracing5094213554380127649.spec...
[T 11:29:00 27371] Initialising tags...
[T 11:29:00 27371] ID set to 0000000000006AEB_0000000000000001 (parent 0000000000006ACD_0000000000000004)
[T 11:29:00 27371] ==== Candidate to intercept: /usr/libexec/java_home (canonical: /usr/libexec/java_home) ====
[T 11:29:00 27376] Attempting to switch stdout/stderr to 3...
/Users/shengnanwu/IdeaProjects/dubbo-trace-example/dubbo-trace-example/working/copy-root/000001F5/bin/ls.semmle.00006AEF.slice.x86_64: replacing existing signature
[T 11:29:00 27375] Reading configuration file /Users/shengnanwu/IdeaProjects/dubbo-trace-example/dubbo-trace-example/working/tracing/compiler-tracing5094213554380127649.spec...
[T 11:29:00 27375] Initialising tags...
[T 11:29:00 27375] ID set to 0000000000006AEF_0000000000000001 (parent 0000000000006ACD_0000000000000004)
[T 11:29:00 27375] ==== Candidate to intercept: /bin/ls (canonical: /bin/ls) ====
[T 11:29:00 27387] Attempting to switch stdout/stderr to 3...
/Users/shengnanwu/IdeaProjects/dubbo-trace-example/dubbo-trace-example/working/copy-root/000001F5/bin/expr.semmle.00006AFA.slice.x86_64: replacing existing signature
[T 11:29:01 27386] Reading configuration file /Users/shengnanwu/IdeaProjects/dubbo-trace-example/dubbo-trace-example/working/tracing/compiler-tracing5094213554380127649.spec...
[T 11:29:01 27386] Initialising tags...
[T 11:29:01 27386] ID set to 0000000000006AFA_0000000000000001 (parent 0000000000006ACD_0000000000000004)
[T 11:29:01 27386] ==== Candidate to intercept: /bin/expr (canonical: /bin/expr) ====
[T 11:29:01 27390] Reading configuration file /Users/shengnanwu/IdeaProjects/dubbo-trace-example/dubbo-trace-example/working/tracing/compiler-tracing5094213554380127649.spec...
[T 11:29:01 27390] Initialising tags...
[T 11:29:01 27390] ID set to 0000000000006AFE_0000000000000001 (parent 0000000000006ACD_0000000000000004)
[T 11:29:01 27390] ==== Candidate to intercept: /bin/expr (canonical: /bin/expr) ====
[T 11:29:01 27393] Attempting to switch stdout/stderr to 3...
/Users/shengnanwu/IdeaProjects/dubbo-trace-example/dubbo-trace-example/working/copy-root/000001F5/usr/bin/dirname.semmle.00006B00.slice.x86_64: replacing existing signature
[T 11:29:01 27392] Reading configuration file /Users/shengnanwu/IdeaProjects/dubbo-trace-example/dubbo-trace-example/working/tracing/compiler-tracing5094213554380127649.spec...
[T 11:29:01 27392] Initialising tags...
[T 11:29:01 27392] ID set to 0000000000006B00_0000000000000001 (parent 0000000000006ACD_0000000000000004)
[T 11:29:01 27392] ==== Candidate to intercept: /usr/bin/dirname (canonical: /usr/bin/dirname) ====
[T 11:29:01 27451] Attempting to switch stdout/stderr to 3...
/Library/Developer/CommandLineTools/usr/bin/install_name_tool: warning: changes being made to the file will invalidate the code signature in: /Users/shengnanwu/IdeaProjects/dubbo-trace-example/dubbo-trace-example/working/copy-root/000001F5/Library/Java/JavaVirtualMachines/jdk-17.0.1.jdk/Contents/Home/bin/java.semmle.00006ACD.slice.x86_64
/Library/Developer/CommandLineTools/usr/bin/install_name_tool: warning: changes being made to the file will invalidate the code signature in: /Users/shengnanwu/IdeaProjects/dubbo-trace-example/dubbo-trace-example/working/copy-root/000001F5/Library/Java/JavaVirtualMachines/jdk-17.0.1.jdk/Contents/Home/bin/java.semmle.00006ACD.slice.x86_64
/Users/shengnanwu/IdeaProjects/dubbo-trace-example/dubbo-trace-example/working/copy-root/000001F5/Library/Java/JavaVirtualMachines/jdk-17.0.1.jdk/Contents/Home/bin/java.semmle.00006ACD.slice.x86_64: replacing existing signature
[T 11:29:02 27341] Reading configuration file /Users/shengnanwu/IdeaProjects/dubbo-trace-example/dubbo-trace-example/working/tracing/compiler-tracing5094213554380127649.spec...
[T 11:29:02 27341] Initialising tags...
[T 11:29:02 27341] ID set to 0000000000006ACD_0000000000000005 (parent 0000000000006ACD_0000000000000004)
[T 11:29:02 27341] ==== Candidate to intercept: /Library/Java/JavaVirtualMachines/jdk-17.0.1.jdk/Contents/Home/bin/java (canonical: /Library/Java/JavaVirtualMachines/jdk-17.0.1.jdk/Contents/Home/bin/java) ====
[T 11:29:02 27341] Loading extra JVM options from SEMMLE_JAVA_TOOL_OPTIONS instead of in-process variable.
[T 11:29:02 27341] Passing through -javaagent:/Users/shengnanwu/workspace/CodeQL/java/tools/codeql-java-agent.jar=ignore-project,java to underlying JVM.
[T 11:29:02 27341] Passing through -Xbootclasspath/a:/Users/shengnanwu/workspace/CodeQL/java/tools/codeql-java-agent.jar to underlying JVM.
[T 11:29:02 27341] Intercepted JVM creation with extra hidden args: ['-javaagent:/Users/shengnanwu/workspace/CodeQL/java/tools/codeql-java-agent.jar=ignore-project,java' '-Xbootclasspath/a:/Users/shengnanwu/workspace/CodeQL/java/tools/codeql-java-agent.jar'] (result: 1, 0).
[T 11:30:07 28600] Reading configuration file /Users/shengnanwu/IdeaProjects/dubbo-trace-example/dubbo-trace-example/working/tracing/compiler-tracing727696225403395586.spec...
[T 11:30:07 28600] Initialising tags...
[T 11:30:07 28600] ID set to 0000000000006FB8_0000000000000001 (parent root)
[T 11:30:07 28600] Reading configuration file /Users/shengnanwu/IdeaProjects/dubbo-trace-example/dubbo-trace-example/working/tracing/compiler-tracing727696225403395586.spec...
[T 11:30:07 28600] Initialising tags...
[T 11:30:07 28600] ID set to 0000000000006FB8_0000000000000002 (parent root)
[T 11:30:07 28600] Warning: SEMMLE_EXEC and SEMMLE_EXECP not set. Falling back to path lookup on argv[0].
[T 11:30:07 28600] ==== Candidate to intercept: /Users/shengnanwu/workspace/CodeQL/tools/osx64/runner-osx (canonical: /Users/shengnanwu/workspace/CodeQL/tools/osx64/runner-osx) ====
[T 11:30:07 28601] Attempting to switch stdout/stderr to 3...
/Users/shengnanwu/IdeaProjects/dubbo-trace-example/dubbo-trace-example/working/copy-root/000001F5/bin/sh.semmle.00006FB8.slice.x86_64: replacing existing signature
[T 11:30:07 28600] Reading configuration file /Users/shengnanwu/IdeaProjects/dubbo-trace-example/dubbo-trace-example/working/tracing/compiler-tracing727696225403395586.spec...
[T 11:30:07 28600] Initialising tags...
[T 11:30:07 28600] ID set to 0000000000006FB8_0000000000000003 (parent 0000000000006FB8_0000000000000002)
[T 11:30:07 28600] ==== Candidate to intercept: /usr/local/bin/mvn (canonical: /usr/local/maven/maven3.39/bin/mvn) ====
[T 11:30:07 28611] Attempting to switch stdout/stderr to 3...
/Users/shengnanwu/IdeaProjects/dubbo-trace-example/dubbo-trace-example/working/copy-root/000001F5/bin/bash.semmle.00006FB8.slice.x86_64: replacing existing signature
[T 11:30:08 28600] Reading configuration file /Users/shengnanwu/IdeaProjects/dubbo-trace-example/dubbo-trace-example/working/tracing/compiler-tracing727696225403395586.spec...
[T 11:30:08 28600] Initialising tags...
[T 11:30:08 28600] ID set to 0000000000006FB8_0000000000000004 (parent 0000000000006FB8_0000000000000003)
[T 11:30:08 28600] ==== Candidate to intercept: /bin/bash (canonical: /bin/bash) ====
[T 11:30:08 28615] Attempting to switch stdout/stderr to 3...
/Users/shengnanwu/IdeaProjects/dubbo-trace-example/dubbo-trace-example/working/copy-root/000001F5/usr/bin/uname.semmle.00006FC6.slice.x86_64: replacing existing signature
[T 11:30:08 28614] Reading configuration file /Users/shengnanwu/IdeaProjects/dubbo-trace-example/dubbo-trace-example/working/tracing/compiler-tracing727696225403395586.spec...
[T 11:30:08 28614] Initialising tags...
[T 11:30:08 28614] ID set to 0000000000006FC6_0000000000000001 (parent 0000000000006FB8_0000000000000004)
[T 11:30:08 28614] ==== Candidate to intercept: /usr/bin/uname (canonical: /usr/bin/uname) ====
[T 11:30:08 28619] Attempting to switch stdout/stderr to 3...
/Users/shengnanwu/IdeaProjects/dubbo-trace-example/dubbo-trace-example/working/copy-root/000001F5/usr/libexec/java_home.semmle.00006FCA.slice.x86_64: replacing existing signature
[T 11:30:09 28618] Reading configuration file /Users/shengnanwu/IdeaProjects/dubbo-trace-example/dubbo-trace-example/working/tracing/compiler-tracing727696225403395586.spec...
[T 11:30:09 28618] Initialising tags...
[T 11:30:09 28618] ID set to 0000000000006FCA_0000000000000001 (parent 0000000000006FB8_0000000000000004)
[T 11:30:09 28618] ==== Candidate to intercept: /usr/libexec/java_home (canonical: /usr/libexec/java_home) ====
[T 11:30:09 28630] Attempting to switch stdout/stderr to 3...
/Users/shengnanwu/IdeaProjects/dubbo-trace-example/dubbo-trace-example/working/copy-root/000001F5/bin/ls.semmle.00006FD5.slice.x86_64: replacing existing signature
[T 11:30:09 28629] Reading configuration file /Users/shengnanwu/IdeaProjects/dubbo-trace-example/dubbo-trace-example/working/tracing/compiler-tracing727696225403395586.spec...
[T 11:30:09 28629] Initialising tags...
[T 11:30:09 28629] ID set to 0000000000006FD5_0000000000000001 (parent 0000000000006FB8_0000000000000004)
[T 11:30:09 28629] ==== Candidate to intercept: /bin/ls (canonical: /bin/ls) ====
[T 11:30:09 28634] Attempting to switch stdout/stderr to 3...
/Users/shengnanwu/IdeaProjects/dubbo-trace-example/dubbo-trace-example/working/copy-root/000001F5/bin/expr.semmle.00006FD9.slice.x86_64: replacing existing signature
[T 11:30:09 28633] Reading configuration file /Users/shengnanwu/IdeaProjects/dubbo-trace-example/dubbo-trace-example/working/tracing/compiler-tracing727696225403395586.spec...
[T 11:30:09 28633] Initialising tags...
[T 11:30:09 28633] ID set to 0000000000006FD9_0000000000000001 (parent 0000000000006FB8_0000000000000004)
[T 11:30:09 28633] ==== Candidate to intercept: /bin/expr (canonical: /bin/expr) ====
[T 11:30:09 28644] Reading configuration file /Users/shengnanwu/IdeaProjects/dubbo-trace-example/dubbo-trace-example/working/tracing/compiler-tracing727696225403395586.spec...
[T 11:30:09 28644] Initialising tags...
[T 11:30:09 28644] ID set to 0000000000006FE4_0000000000000001 (parent 0000000000006FB8_0000000000000004)
[T 11:30:09 28644] ==== Candidate to intercept: /bin/expr (canonical: /bin/expr) ====
[T 11:30:09 28647] Attempting to switch stdout/stderr to 3...
/Users/shengnanwu/IdeaProjects/dubbo-trace-example/dubbo-trace-example/working/copy-root/000001F5/usr/bin/dirname.semmle.00006FE6.slice.x86_64: replacing existing signature
[T 11:30:10 28646] Reading configuration file /Users/shengnanwu/IdeaProjects/dubbo-trace-example/dubbo-trace-example/working/tracing/compiler-tracing727696225403395586.spec...
[T 11:30:10 28646] Initialising tags...
[T 11:30:10 28646] ID set to 0000000000006FE6_0000000000000001 (parent 0000000000006FB8_0000000000000004)
[T 11:30:10 28646] ==== Candidate to intercept: /usr/bin/dirname (canonical: /usr/bin/dirname) ====
[T 11:30:10 28655] Attempting to switch stdout/stderr to 3...
/Library/Developer/CommandLineTools/usr/bin/install_name_tool: warning: changes being made to the file will invalidate the code signature in: /Users/shengnanwu/IdeaProjects/dubbo-trace-example/dubbo-trace-example/working/copy-root/000001F5/Library/Java/JavaVirtualMachines/jdk-17.0.1.jdk/Contents/Home/bin/java.semmle.00006FB8.slice.x86_64
/Library/Developer/CommandLineTools/usr/bin/install_name_tool: warning: changes being made to the file will invalidate the code signature in: /Users/shengnanwu/IdeaProjects/dubbo-trace-example/dubbo-trace-example/working/copy-root/000001F5/Library/Java/JavaVirtualMachines/jdk-17.0.1.jdk/Contents/Home/bin/java.semmle.00006FB8.slice.x86_64
/Users/shengnanwu/IdeaProjects/dubbo-trace-example/dubbo-trace-example/working/copy-root/000001F5/Library/Java/JavaVirtualMachines/jdk-17.0.1.jdk/Contents/Home/bin/java.semmle.00006FB8.slice.x86_64: replacing existing signature
[T 11:30:10 28600] Reading configuration file /Users/shengnanwu/IdeaProjects/dubbo-trace-example/dubbo-trace-example/working/tracing/compiler-tracing727696225403395586.spec...
[T 11:30:10 28600] Initialising tags...
[T 11:30:10 28600] ID set to 0000000000006FB8_0000000000000005 (parent 0000000000006FB8_0000000000000004)
[T 11:30:10 28600] ==== Candidate to intercept: /Library/Java/JavaVirtualMachines/jdk-17.0.1.jdk/Contents/Home/bin/java (canonical: /Library/Java/JavaVirtualMachines/jdk-17.0.1.jdk/Contents/Home/bin/java) ====
[T 11:30:10 28600] Loading extra JVM options from SEMMLE_JAVA_TOOL_OPTIONS instead of in-process variable.
[T 11:30:10 28600] Passing through -javaagent:/Users/shengnanwu/workspace/CodeQL/java/tools/codeql-java-agent.jar=ignore-project,java to underlying JVM.
[T 11:30:10 28600] Passing through -Xbootclasspath/a:/Users/shengnanwu/workspace/CodeQL/java/tools/codeql-java-agent.jar to underlying JVM.
[T 11:30:10 28600] Intercepted JVM creation with extra hidden args: ['-javaagent:/Users/shengnanwu/workspace/CodeQL/java/tools/codeql-java-agent.jar=ignore-project,java' '-Xbootclasspath/a:/Users/shengnanwu/workspace/CodeQL/java/tools/codeql-java-agent.jar'] (result: 1, 0).
[T 11:50:34 40050] Reading configuration file /Users/shengnanwu/IdeaProjects/dubbo-trace-example/dubbo-trace-example/working/tracing/compiler-tracing9924911413014348714.spec...
[T 11:50:34 40050] Initialising tags...
[T 11:50:34 40050] ID set to 0000000000009C72_0000000000000001 (parent root)
[T 11:50:35 40050] Reading configuration file /Users/shengnanwu/IdeaProjects/dubbo-trace-example/dubbo-trace-example/working/tracing/compiler-tracing9924911413014348714.spec...
[T 11:50:35 40050] Initialising tags...
[T 11:50:35 40050] ID set to 0000000000009C72_0000000000000002 (parent root)
[T 11:50:35 40050] Warning: SEMMLE_EXEC and SEMMLE_EXECP not set. Falling back to path lookup on argv[0].
[T 11:50:35 40050] ==== Candidate to intercept: /Users/shengnanwu/workspace/CodeQL/tools/osx64/runner-osx (canonical: /Users/shengnanwu/workspace/CodeQL/tools/osx64/runner-osx) ====
[T 11:50:35 40058] Attempting to switch stdout/stderr to 3...
/Users/shengnanwu/IdeaProjects/dubbo-trace-example/dubbo-trace-example/working/copy-root/000001F5/bin/sh.semmle.00009C72.slice.x86_64: replacing existing signature
[T 11:50:39 40050] Reading configuration file /Users/shengnanwu/IdeaProjects/dubbo-trace-example/dubbo-trace-example/working/tracing/compiler-tracing9924911413014348714.spec...
[T 11:50:39 40050] Initialising tags...
[T 11:50:39 40050] ID set to 0000000000009C72_0000000000000003 (parent 0000000000009C72_0000000000000002)
[T 11:50:39 40050] ==== Candidate to intercept: /usr/local/bin/mvn (canonical: /usr/local/maven/maven3.39/bin/mvn) ====
[T 11:50:39 40086] Attempting to switch stdout/stderr to 3...
/Users/shengnanwu/IdeaProjects/dubbo-trace-example/dubbo-trace-example/working/copy-root/000001F5/bin/bash.semmle.00009C72.slice.x86_64: replacing existing signature
[T 11:50:39 40050] Reading configuration file /Users/shengnanwu/IdeaProjects/dubbo-trace-example/dubbo-trace-example/working/tracing/compiler-tracing9924911413014348714.spec...
[T 11:50:39 40050] Initialising tags...
[T 11:50:39 40050] ID set to 0000000000009C72_0000000000000004 (parent 0000000000009C72_0000000000000003)
[T 11:50:39 40050] ==== Candidate to intercept: /bin/bash (canonical: /bin/bash) ====
[T 11:50:39 40090] Attempting to switch stdout/stderr to 3...
/Users/shengnanwu/IdeaProjects/dubbo-trace-example/dubbo-trace-example/working/copy-root/000001F5/usr/bin/uname.semmle.00009C99.slice.x86_64: replacing existing signature
[T 11:50:39 40089] Reading configuration file /Users/shengnanwu/IdeaProjects/dubbo-trace-example/dubbo-trace-example/working/tracing/compiler-tracing9924911413014348714.spec...
[T 11:50:39 40089] Initialising tags...
[T 11:50:39 40089] ID set to 0000000000009C99_0000000000000001 (parent 0000000000009C72_0000000000000004)
[T 11:50:39 40089] ==== Candidate to intercept: /usr/bin/uname (canonical: /usr/bin/uname) ====
[T 11:50:39 40101] Attempting to switch stdout/stderr to 3...
/Users/shengnanwu/IdeaProjects/dubbo-trace-example/dubbo-trace-example/working/copy-root/000001F5/usr/libexec/java_home.semmle.00009CA4.slice.x86_64: replacing existing signature
[T 11:50:39 40100] Reading configuration file /Users/shengnanwu/IdeaProjects/dubbo-trace-example/dubbo-trace-example/working/tracing/compiler-tracing9924911413014348714.spec...
[T 11:50:39 40100] Initialising tags...
[T 11:50:39 40100] ID set to 0000000000009CA4_0000000000000001 (parent 0000000000009C72_0000000000000004)
[T 11:50:39 40100] ==== Candidate to intercept: /usr/libexec/java_home (canonical: /usr/libexec/java_home) ====
[T 11:50:39 40105] Attempting to switch stdout/stderr to 3...
/Users/shengnanwu/IdeaProjects/dubbo-trace-example/dubbo-trace-example/working/copy-root/000001F5/bin/ls.semmle.00009CA8.slice.x86_64: replacing existing signature
[T 11:50:39 40104] Reading configuration file /Users/shengnanwu/IdeaProjects/dubbo-trace-example/dubbo-trace-example/working/tracing/compiler-tracing9924911413014348714.spec...
[T 11:50:39 40104] Initialising tags...
[T 11:50:39 40104] ID set to 0000000000009CA8_0000000000000001 (parent 0000000000009C72_0000000000000004)
[T 11:50:39 40104] ==== Candidate to intercept: /bin/ls (canonical: /bin/ls) ====
[T 11:50:39 40109] Attempting to switch stdout/stderr to 3...
/Users/shengnanwu/IdeaProjects/dubbo-trace-example/dubbo-trace-example/working/copy-root/000001F5/bin/expr.semmle.00009CAC.slice.x86_64: replacing existing signature
[T 11:50:40 40108] Reading configuration file /Users/shengnanwu/IdeaProjects/dubbo-trace-example/dubbo-trace-example/working/tracing/compiler-tracing9924911413014348714.spec...
[T 11:50:40 40108] Initialising tags...
[T 11:50:40 40108] ID set to 0000000000009CAC_0000000000000001 (parent 0000000000009C72_0000000000000004)
[T 11:50:40 40108] ==== Candidate to intercept: /bin/expr (canonical: /bin/expr) ====
[T 11:50:40 40112] Reading configuration file /Users/shengnanwu/IdeaProjects/dubbo-trace-example/dubbo-trace-example/working/tracing/compiler-tracing9924911413014348714.spec...
[T 11:50:40 40112] Initialising tags...
[T 11:50:40 40112] ID set to 0000000000009CB0_0000000000000001 (parent 0000000000009C72_0000000000000004)
[T 11:50:40 40112] ==== Candidate to intercept: /bin/expr (canonical: /bin/expr) ====
[T 11:50:40 40115] Attempting to switch stdout/stderr to 3...
/Users/shengnanwu/IdeaProjects/dubbo-trace-example/dubbo-trace-example/working/copy-root/000001F5/usr/bin/dirname.semmle.00009CB2.slice.x86_64: replacing existing signature
[T 11:50:40 40114] Reading configuration file /Users/shengnanwu/IdeaProjects/dubbo-trace-example/dubbo-trace-example/working/tracing/compiler-tracing9924911413014348714.spec...
[T 11:50:40 40114] Initialising tags...
[T 11:50:40 40114] ID set to 0000000000009CB2_0000000000000001 (parent 0000000000009C72_0000000000000004)
[T 11:50:40 40114] ==== Candidate to intercept: /usr/bin/dirname (canonical: /usr/bin/dirname) ====
[T 11:50:40 40123] Attempting to switch stdout/stderr to 3...
/Library/Developer/CommandLineTools/usr/bin/install_name_tool: warning: changes being made to the file will invalidate the code signature in: /Users/shengnanwu/IdeaProjects/dubbo-trace-example/dubbo-trace-example/working/copy-root/000001F5/Library/Java/JavaVirtualMachines/jdk-17.0.1.jdk/Contents/Home/bin/java.semmle.00009C72.slice.x86_64
/Library/Developer/CommandLineTools/usr/bin/install_name_tool: warning: changes being made to the file will invalidate the code signature in: /Users/shengnanwu/IdeaProjects/dubbo-trace-example/dubbo-trace-example/working/copy-root/000001F5/Library/Java/JavaVirtualMachines/jdk-17.0.1.jdk/Contents/Home/bin/java.semmle.00009C72.slice.x86_64
/Users/shengnanwu/IdeaProjects/dubbo-trace-example/dubbo-trace-example/working/copy-root/000001F5/Library/Java/JavaVirtualMachines/jdk-17.0.1.jdk/Contents/Home/bin/java.semmle.00009C72.slice.x86_64: replacing existing signature
[T 11:50:40 40050] Reading configuration file /Users/shengnanwu/IdeaProjects/dubbo-trace-example/dubbo-trace-example/working/tracing/compiler-tracing9924911413014348714.spec...
[T 11:50:40 40050] Initialising tags...
[T 11:50:40 40050] ID set to 0000000000009C72_0000000000000005 (parent 0000000000009C72_0000000000000004)
[T 11:50:40 40050] ==== Candidate to intercept: /Library/Java/JavaVirtualMachines/jdk-17.0.1.jdk/Contents/Home/bin/java (canonical: /Library/Java/JavaVirtualMachines/jdk-17.0.1.jdk/Contents/Home/bin/java) ====
[T 11:50:40 40050] Loading extra JVM options from SEMMLE_JAVA_TOOL_OPTIONS instead of in-process variable.
[T 11:50:40 40050] Passing through -javaagent:/Users/shengnanwu/workspace/CodeQL/java/tools/codeql-java-agent.jar=ignore-project,java to underlying JVM.
[T 11:50:40 40050] Passing through -Xbootclasspath/a:/Users/shengnanwu/workspace/CodeQL/java/tools/codeql-java-agent.jar to underlying JVM.
[T 11:50:40 40050] Intercepted JVM creation with extra hidden args: ['-javaagent:/Users/shengnanwu/workspace/CodeQL/java/tools/codeql-java-agent.jar=ignore-project,java' '-Xbootclasspath/a:/Users/shengnanwu/workspace/CodeQL/java/tools/codeql-java-agent.jar'] (result: 1, 0).
